<?xml version="1.0" encoding="UTF-8"?>
<testsuite xmlns:xsi="http://www.w3.org/2001/XMLSchema-instance" xsi:noNamespaceSchemaLocation="https://maven.apache.org/surefire/maven-surefire-plugin/xsd/surefire-test-report.xsd" name="TestSuite" time="10.103" tests="5" errors="0" skipped="0" failures="0">
  <properties>
[...]
</properties>
  <testcase name="GetRandomName" classname="AutomationTest" time="4.658"/>
  <testcase name="PutName" classname="AutomationTest" time="0.627"/>
  <testcase name="RandomName" classname="AutomationTest" time="1.532"/>
  <testcase name="SameNameAnswer" classname="AutomationTest" time="0.561"/>
  <testcase name="Status" classname="AutomationTest" time="0.52"/>
</testsuite>