<?xml version="1.0" encoding="UTF-8"?>
<testng-results skipped="0" failed="0" ignored="0" total="5" passed="5">
  <reporter-output>
  </reporter-output>
  <suite name="Localhost" duration-ms="8825" started-at="2020-11-03T21:31:49 CST" finished-at="2020-11-03T21:31:58 CST">
    <groups>
    </groups>
    <test name="Test Rest Assured" duration-ms="8825" started-at="2020-11-03T21:31:49 CST" finished-at="2020-11-03T21:31:58 CST">
      <class name="AutomationTest">
        <test-method status="PASS" signature="SetupRestAssured(java.lang.String)[pri:0, instance:AutomationTest@3a883ce7]" name="SetupRestAssured" is-config="true" duration-ms="658" started-at="2020-11-03T21:31:49 CST" finished-at="2020-11-03T21:31:50 CST">
          <params>
            <param index="0">
              <value>
                <![CDATA[https://api-coffee-testing.herokuapp.com/v1/examen]]>
              </value>
            </param>
          </params>
          <reporter-output>
          </reporter-output>
        </test-method> <!-- SetupRestAssured -->
        <test-method status="PASS" signature="before()[pri:0, instance:AutomationTest@3a883ce7]" name="before" is-config="true" duration-ms="225" started-at="2020-11-03T21:31:50 CST" finished-at="2020-11-03T21:31:50 CST">
          <reporter-output>
          </reporter-output>
        </test-method> <!-- before -->
        <test-method status="PASS" signature="GetRandomName()[pri:0, instance:AutomationTest@3a883ce7]" name="GetRandomName" duration-ms="4657" started-at="2020-11-03T21:31:50 CST" finished-at="2020-11-03T21:31:55 CST">
          <reporter-output>
          </reporter-output>
        </test-method> <!-- GetRandomName -->
        <test-method status="PASS" signature="before()[pri:0, instance:AutomationTest@3a883ce7]" name="before" is-config="true" duration-ms="1" started-at="2020-11-03T21:31:55 CST" finished-at="2020-11-03T21:31:55 CST">
          <reporter-output>
          </reporter-output>
        </test-method> <!-- before -->
        <test-method status="PASS" signature="PutName()[pri:0, instance:AutomationTest@3a883ce7]" name="PutName" duration-ms="627" started-at="2020-11-03T21:31:55 CST" finished-at="2020-11-03T21:31:55 CST">
          <reporter-output>
          </reporter-output>
        </test-method> <!-- PutName -->
        <test-method status="PASS" signature="before()[pri:0, instance:AutomationTest@3a883ce7]" name="before" is-config="true" duration-ms="2" started-at="2020-11-03T21:31:55 CST" finished-at="2020-11-03T21:31:55 CST">
          <reporter-output>
          </reporter-output>
        </test-method> <!-- before -->
        <test-method status="PASS" signature="RandomName()[pri:0, instance:AutomationTest@3a883ce7]" name="RandomName" duration-ms="1531" started-at="2020-11-03T21:31:55 CST" finished-at="2020-11-03T21:31:57 CST">
          <reporter-output>
          </reporter-output>
        </test-method> <!-- RandomName -->
        <test-method status="PASS" signature="before()[pri:0, instance:AutomationTest@3a883ce7]" name="before" is-config="true" duration-ms="1" started-at="2020-11-03T21:31:57 CST" finished-at="2020-11-03T21:31:57 CST">
          <reporter-output>
          </reporter-output>
        </test-method> <!-- before -->
        <test-method status="PASS" signature="SameNameAnswer()[pri:0, instance:AutomationTest@3a883ce7]" name="SameNameAnswer" duration-ms="561" started-at="2020-11-03T21:31:57 CST" finished-at="2020-11-03T21:31:57 CST">
          <reporter-output>
          </reporter-output>
        </test-method> <!-- SameNameAnswer -->
        <test-method status="PASS" signature="before()[pri:0, instance:AutomationTest@3a883ce7]" name="before" is-config="true" duration-ms="1" started-at="2020-11-03T21:31:57 CST" finished-at="2020-11-03T21:31:57 CST">
          <reporter-output>
          </reporter-output>
        </test-method> <!-- before -->
        <test-method status="PASS" signature="Status()[pri:0, instance:AutomationTest@3a883ce7]" name="Status" duration-ms="520" started-at="2020-11-03T21:31:57 CST" finished-at="2020-11-03T21:31:58 CST">
          <reporter-output>
          </reporter-output>
        </test-method> <!-- Status -->
      </class> <!-- AutomationTest -->
    </test> <!-- Test Rest Assured -->
  </suite> <!-- Localhost -->
</testng-results>
