<?xml version="1.0" encoding="UTF-8"?>
<!-- Generated by org.testng.reporters.JUnitXMLReporter -->
<testsuite hostname="DESKTOP-I69N085" ignored="0" tests="5" failures="0" timestamp="2020-11-03T21:31:58 CST" time="8.825" errors="0">
  <testcase name="GetRandomName" time="4.657" classname="AutomationTest"/>
  <testcase name="PutName" time="0.627" classname="AutomationTest"/>
  <testcase name="RandomName" time="1.531" classname="AutomationTest"/>
  <testcase name="SameNameAnswer" time="0.561" classname="AutomationTest"/>
  <testcase name="Status" time="0.52" classname="AutomationTest"/>
</testsuite>
